action: GLOB, msg: packaging
cwd: /Users/rblack/_dev/math-magik
cmd: /Users/rblack/_dev/math-magik/.direnv/python-3.9.1/bin/python3 setup.py sdist --formats=zip --dist-dir .tox/dist
running sdist
running egg_info
writing mmdesigner/mmdesigner.egg-info/PKG-INFO
writing dependency_links to mmdesigner/mmdesigner.egg-info/dependency_links.txt
writing entry points to mmdesigner/mmdesigner.egg-info/entry_points.txt
writing requirements to mmdesigner/mmdesigner.egg-info/requires.txt
writing top-level names to mmdesigner/mmdesigner.egg-info/top_level.txt
reading manifest file 'mmdesigner/mmdesigner.egg-info/SOURCES.txt'
writing manifest file 'mmdesigner/mmdesigner.egg-info/SOURCES.txt'
running check
creating mmdesigner-0.1.3
creating mmdesigner-0.1.3/mmdesigner
creating mmdesigner-0.1.3/mmdesigner/mmdesigner.egg-info
copying files to mmdesigner-0.1.3...
copying README.rst -> mmdesigner-0.1.3
copying setup.cfg -> mmdesigner-0.1.3
copying setup.py -> mmdesigner-0.1.3
copying mmdesigner/mmdesigner.egg-info/PKG-INFO -> mmdesigner-0.1.3/mmdesigner/mmdesigner.egg-info
copying mmdesigner/mmdesigner.egg-info/SOURCES.txt -> mmdesigner-0.1.3/mmdesigner/mmdesigner.egg-info
copying mmdesigner/mmdesigner.egg-info/dependency_links.txt -> mmdesigner-0.1.3/mmdesigner/mmdesigner.egg-info
copying mmdesigner/mmdesigner.egg-info/entry_points.txt -> mmdesigner-0.1.3/mmdesigner/mmdesigner.egg-info
copying mmdesigner/mmdesigner.egg-info/requires.txt -> mmdesigner-0.1.3/mmdesigner/mmdesigner.egg-info
copying mmdesigner/mmdesigner.egg-info/top_level.txt -> mmdesigner-0.1.3/mmdesigner/mmdesigner.egg-info
Writing mmdesigner-0.1.3/setup.cfg
creating '.tox/dist/mmdesigner-0.1.3.zip' and adding 'mmdesigner-0.1.3' to it
adding 'mmdesigner-0.1.3'
adding 'mmdesigner-0.1.3/mmdesigner'
adding 'mmdesigner-0.1.3/PKG-INFO'
adding 'mmdesigner-0.1.3/setup.py'
adding 'mmdesigner-0.1.3/setup.cfg'
adding 'mmdesigner-0.1.3/README.rst'
adding 'mmdesigner-0.1.3/mmdesigner/mmdesigner.egg-info'
adding 'mmdesigner-0.1.3/mmdesigner/mmdesigner.egg-info/PKG-INFO'
adding 'mmdesigner-0.1.3/mmdesigner/mmdesigner.egg-info/SOURCES.txt'
adding 'mmdesigner-0.1.3/mmdesigner/mmdesigner.egg-info/entry_points.txt'
adding 'mmdesigner-0.1.3/mmdesigner/mmdesigner.egg-info/requires.txt'
adding 'mmdesigner-0.1.3/mmdesigner/mmdesigner.egg-info/top_level.txt'
adding 'mmdesigner-0.1.3/mmdesigner/mmdesigner.egg-info/dependency_links.txt'
removing 'mmdesigner-0.1.3' (and everything under it)
